0 info it worked if it ends with ok
1 verbose cli [ '/usr/bin/node', '/usr/bin/npm', '-g', 'install', 'component' ]
2 info using npm@1.4.28
3 info using node@v0.10.33
4 verbose node symlink /usr/bin/node
5 verbose cache add [ 'component', null ]
6 verbose cache add name=undefined spec="component" args=["component",null]
7 verbose parsed url { protocol: null,
7 verbose parsed url   slashes: null,
7 verbose parsed url   auth: null,
7 verbose parsed url   host: null,
7 verbose parsed url   port: null,
7 verbose parsed url   hostname: null,
7 verbose parsed url   hash: null,
7 verbose parsed url   search: null,
7 verbose parsed url   query: null,
7 verbose parsed url   pathname: 'component',
7 verbose parsed url   path: 'component',
7 verbose parsed url   href: 'component' }
8 silly lockFile 335c4c1e-component component
9 verbose lock component /home/katja/.npm/335c4c1e-component.lock
10 silly lockFile 335c4c1e-component component
11 silly lockFile 335c4c1e-component component
12 verbose addNamed [ 'component', '' ]
13 verbose addNamed [ null, '*' ]
14 silly lockFile fa4251c1-component component@
15 verbose lock component@ /home/katja/.npm/fa4251c1-component.lock
16 silly addNameRange { name: 'component', range: '*', hasData: false }
17 verbose request where is /component
18 verbose request registry https://registry.npmjs.org/
19 verbose request id eee663d0116bc42b
20 verbose url raw /component
21 verbose url resolving [ 'https://registry.npmjs.org/', './component' ]
22 verbose url resolved https://registry.npmjs.org/component
23 verbose request where is https://registry.npmjs.org/component
24 info trying registry request attempt 1 at 19:45:49
25 verbose etag "671YYY54TJNJHGV3NFINOV33F"
26 http GET https://registry.npmjs.org/component
27 http 304 https://registry.npmjs.org/component
28 silly registry.get cb [ 304,
28 silly registry.get   { date: 'Fri, 12 Dec 2014 19:45:49 GMT',
28 silly registry.get     server: 'Apache',
28 silly registry.get     via: '1.1 varnish',
28 silly registry.get     'last-modified': 'Fri, 12 Dec 2014 19:45:50 GMT',
28 silly registry.get     'cache-control': 'max-age=60',
28 silly registry.get     etag: '"671YYY54TJNJHGV3NFINOV33F"',
28 silly registry.get     age: '0',
28 silly registry.get     'x-served-by': 'cache-lhr6334-LHR',
28 silly registry.get     'x-cache': 'MISS',
28 silly registry.get     'x-cache-hits': '0',
28 silly registry.get     'x-timer': 'S1418413549.879975,VS0,VE667',
28 silly registry.get     vary: 'Accept',
28 silly registry.get     'content-length': '0',
28 silly registry.get     'keep-alive': 'timeout=10, max=50',
28 silly registry.get     connection: 'Keep-Alive' } ]
29 verbose etag https://registry.npmjs.org/component from cache
30 silly addNameRange number 2 { name: 'component', range: '*', hasData: true }
31 silly addNameRange versions [ 'component',
31 silly addNameRange   [ '0.0.1',
31 silly addNameRange     '0.0.2',
31 silly addNameRange     '0.0.3',
31 silly addNameRange     '0.0.4',
31 silly addNameRange     '0.0.5',
31 silly addNameRange     '0.0.6',
31 silly addNameRange     '0.0.7',
31 silly addNameRange     '0.1.0',
31 silly addNameRange     '0.1.1',
31 silly addNameRange     '0.2.0',
31 silly addNameRange     '0.3.0',
31 silly addNameRange     '0.4.0',
31 silly addNameRange     '0.4.1',
31 silly addNameRange     '0.4.2',
31 silly addNameRange     '0.5.0',
31 silly addNameRange     '0.6.0',
31 silly addNameRange     '0.6.2',
31 silly addNameRange     '0.6.3',
31 silly addNameRange     '0.6.4',
31 silly addNameRange     '0.7.0',
31 silly addNameRange     '0.7.1',
31 silly addNameRange     '0.8.0',
31 silly addNameRange     '0.9.0',
31 silly addNameRange     '0.9.1',
31 silly addNameRange     '0.10.0',
31 silly addNameRange     '0.10.1',
31 silly addNameRange     '0.11.0',
31 silly addNameRange     '0.11.1',
31 silly addNameRange     '0.12.0',
31 silly addNameRange     '0.13.0',
31 silly addNameRange     '0.13.1',
31 silly addNameRange     '0.13.2',
31 silly addNameRange     '0.14.0',
31 silly addNameRange     '0.15.0',
31 silly addNameRange     '0.15.1',
31 silly addNameRange     '0.16.0',
31 silly addNameRange     '0.16.1',
31 silly addNameRange     '0.16.2',
31 silly addNameRange     '0.16.3',
31 silly addNameRange     '0.16.4',
31 silly addNameRange     '0.16.5',
31 silly addNameRange     '0.16.6',
31 silly addNameRange     '0.16.7',
31 silly addNameRange     '0.16.8',
31 silly addNameRange     '0.17.0',
31 silly addNameRange     '0.17.2',
31 silly addNameRange     '0.17.3',
31 silly addNameRange     '0.17.4',
31 silly addNameRange     '0.17.5',
31 silly addNameRange     '0.17.6',
31 silly addNameRange     '0.18.0',
31 silly addNameRange     '0.19.0',
31 silly addNameRange     '0.19.1',
31 silly addNameRange     '0.19.2',
31 silly addNameRange     '0.19.3',
31 silly addNameRange     '0.19.4',
31 silly addNameRange     '0.19.5',
31 silly addNameRange     '0.19.6',
31 silly addNameRange     '0.19.7',
31 silly addNameRange     '0.19.8',
31 silly addNameRange     '1.0.0-rc1',
31 silly addNameRange     '1.0.0-rc2',
31 silly addNameRange     '1.0.0-rc3',
31 silly addNameRange     '1.0.0-rc4',
31 silly addNameRange     '1.0.0-rc5',
31 silly addNameRange     '0.19.9',
31 silly addNameRange     '1.0.0-rc6',
31 silly addNameRange     '1.0.0-rc7',
31 silly addNameRange     '1.0.0',
31 silly addNameRange     '1.0.1' ] ]
32 verbose addNamed [ 'component', '1.0.1' ]
33 verbose addNamed [ '1.0.1', '1.0.1' ]
34 silly lockFile dc306edc-component-1-0-1 component@1.0.1
35 verbose lock component@1.0.1 /home/katja/.npm/dc306edc-component-1-0-1.lock
36 silly lockFile dc306edc-component-1-0-1 component@1.0.1
37 silly lockFile dc306edc-component-1-0-1 component@1.0.1
38 silly lockFile fa4251c1-component component@
39 silly lockFile fa4251c1-component component@
40 silly resolved [ { name: 'component',
40 silly resolved     version: '1.0.1',
40 silly resolved     description: 'Component package manager consuming git repositories',
40 silly resolved     keywords: [ 'component', 'package', 'client', 'browser', 'module' ],
40 silly resolved     author: { name: 'TJ Holowaychuk', email: 'tj@vision-media.ca' },
40 silly resolved     repository: { type: 'git', url: 'https://github.com/component/component' },
40 silly resolved     dependencies:
40 silly resolved      { 'component-build': '^1.2.2',
40 silly resolved        'component-consoler': '^2.0.0',
40 silly resolved        'component-flatten': '^1.0.1',
40 silly resolved        'component-ls': '^2.1.0',
40 silly resolved        'component-outdated2': '^1.0.4',
40 silly resolved        'component-pin': '^1.0.4',
40 silly resolved        'component-resolver': '^1.2.6',
40 silly resolved        'component-search2': '^1.1.1',
40 silly resolved        'component-updater': '^1.0.4',
40 silly resolved        'component-watcher': '^1.0.1',
40 silly resolved        'component-remotes': '^1.1.6',
40 silly resolved        commander: '^2.2.0',
40 silly resolved        semver: '^2.2.1',
40 silly resolved        mkdirp: '~0.3.5',
40 silly resolved        rimraf: '^2.2.6',
40 silly resolved        superagent: '~0.17.0',
40 silly resolved        'win-fork': '~1.1.1',
40 silly resolved        debug: '*',
40 silly resolved        co: '^3.0.0',
40 silly resolved        'tiny-lr-fork': '0.0.5' },
40 silly resolved     devDependencies: { mocha: '1', should: '3' },
40 silly resolved     bin:
40 silly resolved      { component: 'bin/component',
40 silly resolved        'component-build': 'bin/component-build',
40 silly resolved        'component-crawl': 'bin/component-crawl',
40 silly resolved        'component-duplicates': 'bin/component-duplicates',
40 silly resolved        'component-help': 'bin/component-help',
40 silly resolved        'component-install': 'bin/component-install',
40 silly resolved        'component-link': 'bin/component-link',
40 silly resolved        'component-ls': 'bin/component-ls',
40 silly resolved        'component-outdated': 'bin/component-outdated',
40 silly resolved        'component-pin': 'bin/component-pin',
40 silly resolved        'component-search': 'bin/component-search',
40 silly resolved        'component-update': 'bin/component-update',
40 silly resolved        'component-validate': 'bin/component-validate' },
40 silly resolved     main: 'lib/component',
40 silly resolved     engines: { node: '>= 0.10.0' },
40 silly resolved     scripts: { test: 'make test' },
40 silly resolved     bugs: { url: 'https://github.com/component/component/issues' },
40 silly resolved     homepage: 'https://github.com/component/component',
40 silly resolved     _id: 'component@1.0.1',
40 silly resolved     _shasum: '9d57d3d41a9c53d944b8348facba257e03e7aaeb',
40 silly resolved     _from: 'component@',
40 silly resolved     _npmVersion: '2.1.3',
40 silly resolved     _nodeVersion: '0.10.24',
40 silly resolved     _npmUser: { name: 'timaschew', email: 'timaschew@gmail.com' },
40 silly resolved     maintainers:
40 silly resolved      [ [Object],
40 silly resolved        [Object],
40 silly resolved        [Object],
40 silly resolved        [Object],
40 silly resolved        [Object],
40 silly resolved        [Object],
40 silly resolved        [Object],
40 silly resolved        [Object],
40 silly resolved        [Object],
40 silly resolved        [Object],
40 silly resolved        [Object],
40 silly resolved        [Object],
40 silly resolved        [Object],
40 silly resolved        [Object],
40 silly resolved        [Object],
40 silly resolved        [Object],
40 silly resolved        [Object],
40 silly resolved        [Object],
40 silly resolved        [Object],
40 silly resolved        [Object],
40 silly resolved        [Object],
40 silly resolved        [Object],
40 silly resolved        [Object],
40 silly resolved        [Object],
40 silly resolved        [Object],
40 silly resolved        [Object],
40 silly resolved        [Object],
40 silly resolved        [Object],
40 silly resolved        [Object],
40 silly resolved        [Object],
40 silly resolved        [Object] ],
40 silly resolved     dist:
40 silly resolved      { shasum: '9d57d3d41a9c53d944b8348facba257e03e7aaeb',
40 silly resolved        tarball: 'http://registry.npmjs.org/component/-/component-1.0.1.tgz' },
40 silly resolved     directories: {},
40 silly resolved     _resolved: 'https://registry.npmjs.org/component/-/component-1.0.1.tgz',
40 silly resolved     readme: 'ERROR: No README data found!' } ]
41 info install component@1.0.1 into /usr/lib
42 info installOne component@1.0.1
43 verbose lib/node_modules/component unbuild
44 verbose tar unpack /home/katja/.npm/component/1.0.1/package.tgz
45 silly lockFile 6ae6ac21-r-usr-lib-node-modules-component tar:///usr/lib/node_modules/component
46 verbose lock tar:///usr/lib/node_modules/component /home/katja/.npm/6ae6ac21-r-usr-lib-node-modules-component.lock
47 silly lockFile dae37ec7--npm-component-1-0-1-package-tgz tar:///home/katja/.npm/component/1.0.1/package.tgz
48 verbose lock tar:///home/katja/.npm/component/1.0.1/package.tgz /home/katja/.npm/dae37ec7--npm-component-1-0-1-package-tgz.lock
49 silly gunzTarPerm modes [ '775', '664' ]
50 error Error: EACCES, mkdir '/usr/lib/node_modules/component'
50 error  { [Error: EACCES, mkdir '/usr/lib/node_modules/component']
50 error   errno: 3,
50 error   code: 'EACCES',
50 error   path: '/usr/lib/node_modules/component',
50 error   fstream_type: 'Directory',
50 error   fstream_path: '/usr/lib/node_modules/component',
50 error   fstream_class: 'DirWriter',
50 error   fstream_stack:
50 error    [ '/usr/lib/node_modules/npm/node_modules/fstream/lib/dir-writer.js:36:23',
50 error      '/usr/lib/node_modules/npm/node_modules/mkdirp/index.js:46:53',
50 error      'Object.oncomplete (fs.js:107:15)' ] }
51 error Please try running this command again as root/Administrator.
52 error System Linux 3.13.0-43-generic
53 error command "/usr/bin/node" "/usr/bin/npm" "-g" "install" "component"
54 error cwd /home/katja/react/advent-cal
55 error node -v v0.10.33
56 error npm -v 1.4.28
57 error path /usr/lib/node_modules/component
58 error fstream_path /usr/lib/node_modules/component
59 error fstream_type Directory
60 error fstream_class DirWriter
61 error code EACCES
62 error errno 3
63 error stack Error: EACCES, mkdir '/usr/lib/node_modules/component'
64 error fstream_stack /usr/lib/node_modules/npm/node_modules/fstream/lib/dir-writer.js:36:23
64 error fstream_stack /usr/lib/node_modules/npm/node_modules/mkdirp/index.js:46:53
64 error fstream_stack Object.oncomplete (fs.js:107:15)
65 verbose exit [ 3, true ]
